<?xml version="1.0" encoding="UTF-8"?>
<!-- Generated by org.testng.reporters.JUnitReportReporter -->
<testsuite hostname="Nilmie" failures="0" tests="1" name="Runner.TestRunner" time="18.669" errors="0" timestamp="2021-01-08T12:47:57 IST" skipped="0">
  <testcase classname="Runner.TestRunner" name="feature" time="18.669"/>
  <system-out/>
</testsuite> <!-- Runner.TestRunner -->
